,number,value,datetime_start,datetime_complete,duration,params_HV_ATR_EXPANSION,params_HV_BAR_RANGE_MULT,params_HV_BODY_RATIO,state
141,141,0.0,2026-03-01 17:12:46.668590,2026-03-01 17:14:23.706376,0 days 00:01:37.037786,0.1906929138219845,1.8880838499838506,0.6432177211931596,COMPLETE
142,142,0.0,2026-03-01 17:14:23.706376,2026-03-01 17:15:52.053125,0 days 00:01:28.346749,0.12140470961591965,1.9840123595651398,0.6619694296733517,COMPLETE
143,143,0.0,2026-03-01 17:15:52.053125,2026-03-01 17:17:11.794868,0 days 00:01:19.741743,0.4514103718133246,2.023652917627441,0.6233984576209262,COMPLETE
144,144,0.0,2026-03-01 17:17:11.794868,2026-03-01 17:18:31.076758,0 days 00:01:19.281890,0.24777041095032895,1.7342008322405449,0.6751002215531304,COMPLETE
145,145,0.0,2026-03-01 17:18:31.076758,2026-03-01 17:19:30.991819,0 days 00:00:59.915061,0.16177324525554476,1.840877075234048,0.6553473019313759,COMPLETE
146,146,0.0,2026-03-01 17:19:30.991819,2026-03-01 17:20:32.040505,0 days 00:01:01.048686,0.27554677721764453,1.9169198282652722,0.6981898060910526,COMPLETE
147,147,0.0,2026-03-01 17:20:32.040505,2026-03-01 17:21:47.722948,0 days 00:01:15.682443,0.13940923686982423,2.34188103140264,0.6318855885310597,COMPLETE
148,148,0.0,2026-03-01 17:21:47.722948,2026-03-01 17:23:08.404262,0 days 00:01:20.681314,0.11217185280845816,1.8145262108929017,0.5527286074913631,COMPLETE
149,149,0.0,2026-03-01 17:23:08.404262,2026-03-01 17:24:40.591790,0 days 00:01:32.187528,0.30450201707816077,2.0640119231431906,0.6822902489043613,COMPLETE
