,number,value,datetime_start,datetime_complete,duration,params_MR_BB_PERIOD,params_MR_BB_STD,params_MR_MIN_RR,params_MR_RSI_OVERBOUGHT,params_MR_RSI_OVERSOLD,params_MR_RSI_PERIOD,params_MR_SL_ATR_MULT,params_MR_TIME_EXIT_BARS,state
236,236,3.2316610739543963,2026-03-02 01:10:30.307512,2026-03-02 01:23:33.010849,0 days 00:13:02.703337,50,3.019127337090964,1.218427351660539,68,44,19,2.824279976183691,47,COMPLETE
237,237,3.217485767605839,2026-03-02 01:11:26.901114,2026-03-02 01:24:30.590067,0 days 00:13:03.688953,50,1.6227338213225067,1.5408062333608334,68,44,19,2.0025049713117675,39,COMPLETE
238,238,3.2258270412602923,2026-03-02 01:11:35.891499,2026-03-02 01:24:40.496082,0 days 00:13:04.604583,18,1.886258091139558,1.689610459124775,73,16,26,2.0321721930929706,39,COMPLETE
239,239,3.2219168688626416,2026-03-02 01:13:31.987974,2026-03-02 01:26:43.924541,0 days 00:13:11.936567,38,3.2021254572971762,1.5368938197211617,73,44,29,2.088547164111629,46,COMPLETE
240,240,3.207812080094093,2026-03-02 01:16:34.359214,2026-03-02 01:29:24.537725,0 days 00:12:50.178511,15,3.0146523929166875,1.7645870739598823,73,20,26,1.8215862191888121,45,COMPLETE
241,241,3.2181462866514448,2026-03-02 01:16:56.655974,2026-03-02 01:29:49.579867,0 days 00:12:52.923893,36,1.6225794488534648,0.888465990185955,73,20,24,1.828244316490918,46,COMPLETE
242,242,3.20950748566822,2026-03-02 01:18:26.479410,2026-03-02 01:31:24.062384,0 days 00:12:57.582974,15,1.8768643344132012,1.7516093152067642,74,44,24,1.8270419332503736,91,COMPLETE
243,243,3.2075998088278737,2026-03-02 01:20:52.651462,2026-03-02 01:33:52.419776,0 days 00:12:59.768314,15,1.8721235397517462,0.7416703089536656,72,20,26,1.8349403932974588,30,COMPLETE
244,244,3.2108173251766443,2026-03-02 01:23:33.014818,2026-03-02 01:36:40.839196,0 days 00:13:07.824378,15,1.8718322942008863,0.7603950173121647,73,26,29,1.9728676228603264,30,COMPLETE
245,245,3.2170704310807476,2026-03-02 01:24:30.591000,2026-03-02 01:37:36.899221,0 days 00:13:06.308221,21,1.694860749096787,0.7646620996076575,80,20,26,1.8308088711287231,30,COMPLETE
246,246,3.217422201950556,2026-03-02 01:24:40.502954,2026-03-02 01:37:48.655494,0 days 00:13:08.152540,21,1.6973529884414202,0.8722361653372868,72,20,24,1.8149242776300414,29,COMPLETE
247,247,3.210211288208474,2026-03-02 01:26:43.926542,2026-03-02 01:39:51.603036,0 days 00:13:07.676494,24,1.690139373746447,1.7652154520244088,72,20,24,1.8236006634028088,29,COMPLETE
248,248,3.2142599280784165,2026-03-02 01:29:24.540105,2026-03-02 01:42:09.994045,0 days 00:12:45.453940,49,1.555872647760721,1.3653485175331084,72,34,29,1.8316261965771714,73,COMPLETE
249,249,3.2146950220836152,2026-03-02 01:29:49.585127,2026-03-02 01:42:37.261094,0 days 00:12:47.675967,49,1.538910532376491,1.3823123302010176,64,16,29,1.7951862061174915,30,COMPLETE
250,250,3.2315425217271465,2026-03-02 01:31:24.065399,2026-03-02 01:44:14.484085,0 days 00:12:50.418686,49,1.5423299791212919,1.3624954499615076,64,15,29,2.4792364733512264,74,COMPLETE
251,251,3.219975005612998,2026-03-02 01:33:52.422773,2026-03-02 01:46:49.589762,0 days 00:12:57.166989,47,3.342410183708381,1.353711104392976,64,16,29,2.117392044686379,73,COMPLETE
252,252,3.2184290863077276,2026-03-02 01:36:40.843367,2026-03-02 01:49:32.008882,0 days 00:12:51.165515,47,1.688703820149751,1.6959040504338987,64,16,29,2.47289258509953,72,COMPLETE
253,253,3.2306687254052155,2026-03-02 01:37:36.901196,2026-03-02 01:50:24.952260,0 days 00:12:48.051064,49,1.6923107959623596,1.3809698775323527,64,16,29,2.7232015449981617,72,COMPLETE
254,254,3.2209064473004108,2026-03-02 01:37:48.657204,2026-03-02 01:50:40.707974,0 days 00:12:52.050770,10,1.54504314370063,1.4455065515431913,64,16,29,2.605359639341461,72,COMPLETE
255,255,3.2219986356784545,2026-03-02 01:39:51.606062,2026-03-02 01:52:47.798100,0 days 00:12:56.192038,47,2.0531163795636656,1.6762155908450966,64,16,29,2.6382657283981708,33,COMPLETE
256,256,3.2365044326025743,2026-03-02 01:42:09.998174,2026-03-02 01:54:38.557580,0 days 00:12:28.559406,47,1.5385811663731734,1.4009678250670803,64,16,30,1.7184754455832545,42,COMPLETE
257,257,3.2278949037658142,2026-03-02 01:42:37.264084,2026-03-02 01:55:04.558771,0 days 00:12:27.294687,47,3.3224615032679354,1.4198416899702853,64,15,30,2.634116641443558,76,COMPLETE
258,258,3.213745123056553,2026-03-02 01:44:14.488083,2026-03-02 01:56:45.574292,0 days 00:12:31.086209,47,3.3317824483481715,2.64012210510336,71,17,30,2.115888631016013,33,COMPLETE
259,259,3.208677036876262,2026-03-02 01:46:49.591891,2026-03-02 01:59:27.877012,0 days 00:12:38.285121,47,3.302881525574,2.382084078897183,65,17,30,2.634377843690918,33,COMPLETE
260,260,3.2030945477639285,2026-03-02 01:49:32.010882,2026-03-02 02:02:34.661595,0 days 00:13:02.650713,43,2.0209763280471362,2.611917839016252,71,17,30,2.5895391009628654,33,COMPLETE
261,261,3.2219438697308194,2026-03-02 01:50:24.956288,2026-03-02 02:03:29.736641,0 days 00:13:04.780353,43,2.0729561154058818,1.4479048989322523,71,17,30,1.7177922614535075,33,COMPLETE
262,262,3.225203518684268,2026-03-02 01:50:40.709006,2026-03-02 02:03:45.011120,0 days 00:13:04.302114,42,2.03077707942459,2.7750344762575407,71,15,30,1.7178689212923939,42,COMPLETE
263,263,3.2208685589041526,2026-03-02 01:52:47.802099,2026-03-02 02:05:56.195904,0 days 00:13:08.393805,38,3.307956801959731,2.6538946187453276,71,17,30,1.9440350746594262,8,COMPLETE
264,264,3.233634184829824,2026-03-02 01:54:38.561594,2026-03-02 02:07:23.407474,0 days 00:12:44.845880,42,3.303970570044288,2.609501778540098,70,17,30,1.7351952492384917,44,COMPLETE
265,265,3.249292073065461,2026-03-02 01:55:04.560746,2026-03-02 02:07:52.311424,0 days 00:12:47.750678,42,3.6843926847547763,2.7810690660790813,71,17,27,1.7165727951238696,42,COMPLETE
266,266,3.2277262208961175,2026-03-02 01:56:45.578891,2026-03-02 02:09:39.863370,0 days 00:12:54.284479,42,1.621570327408141,0.6323784374391002,67,17,27,1.6810629601394311,43,COMPLETE
267,267,3.2232824479212,2026-03-02 01:59:27.880042,2026-03-02 02:12:24.743570,0 days 00:12:56.863528,42,1.613653244817932,1.5080414247878928,70,33,27,1.704585296443161,43,COMPLETE
268,268,3.224759387760656,2026-03-02 02:02:34.664574,2026-03-02 02:15:28.118634,0 days 00:12:53.454060,42,1.6246693743457923,0.6342155750355898,78,33,27,1.721555984926396,42,COMPLETE
269,269,3.2188205009112303,2026-03-02 02:03:29.742575,2026-03-02 02:16:25.364423,0 days 00:12:55.621848,42,1.5891036292472034,0.626834716160531,67,35,27,1.7034138472120013,53,COMPLETE
270,270,3.231222572947034,2026-03-02 02:03:45.013131,2026-03-02 02:16:40.874854,0 days 00:12:55.861723,12,1.613039577259957,0.6456915413289785,78,35,27,1.7509645981213888,44,COMPLETE
271,271,3.2067465338297505,2026-03-02 02:05:56.199462,2026-03-02 02:18:58.409737,0 days 00:13:02.210275,41,3.621627084542806,1.528913732103341,70,24,27,1.753319898270111,42,COMPLETE
272,272,3.202324495238268,2026-03-02 02:07:23.410868,2026-03-02 02:20:04.181169,0 days 00:12:40.770301,12,1.6036817121368723,1.144878530118274,79,24,27,1.7043808202413946,41,COMPLETE
273,273,3.2203125946111912,2026-03-02 02:07:52.313915,2026-03-02 02:20:34.362571,0 days 00:12:42.048656,44,1.6260167525142593,1.173810585278589,70,35,27,1.6719585878860974,41,COMPLETE
274,274,3.213456205881605,2026-03-02 02:09:39.869712,2026-03-02 02:22:22.418657,0 days 00:12:42.548945,44,3.694309190192561,1.8155470976164623,70,35,27,1.5655352760224701,41,COMPLETE
275,275,3.2113159667787654,2026-03-02 02:12:24.747089,2026-03-02 02:25:14.003319,0 days 00:12:49.256230,23,3.6467247688482796,2.826785655002486,78,38,28,1.5506324729688037,53,COMPLETE
276,276,3.2268294246210294,2026-03-02 02:15:28.119640,2026-03-02 02:28:20.367240,0 days 00:12:52.247600,44,3.633091367040126,1.151703576748269,69,42,28,1.6201572911496123,54,COMPLETE
277,277,3.2341747727504186,2026-03-02 02:16:25.367441,2026-03-02 02:29:17.687451,0 days 00:12:52.320010,33,3.658506174483032,1.1388771776508948,69,38,21,1.7646066103564166,48,COMPLETE
278,278,3.210563978695316,2026-03-02 02:16:40.875820,2026-03-02 02:29:35.503778,0 days 00:12:54.627958,34,3.653845315301828,2.0213249410491767,69,42,28,1.5581495052854364,48,COMPLETE
279,279,3.22274119486136,2026-03-02 02:18:58.414711,2026-03-02 02:32:00.139666,0 days 00:13:01.724955,33,3.680978234910443,2.789889014048398,60,38,28,1.6309709740463025,24,COMPLETE
280,280,3.2270558814965833,2026-03-02 02:20:04.185995,2026-03-02 02:32:41.221520,0 days 00:12:37.035525,14,3.6916509684698533,2.8008408322472995,60,32,28,1.5297090263448456,54,COMPLETE
281,281,3.2186507468259156,2026-03-02 02:20:34.365546,2026-03-02 02:33:12.885369,0 days 00:12:38.519823,23,3.514846201307159,1.6701470732944141,62,42,28,1.5597077630565914,48,COMPLETE
282,282,3.21676315330029,2026-03-02 02:22:22.426511,2026-03-02 02:35:04.199706,0 days 00:12:41.773195,34,1.7965051491825705,2.9410162207520165,60,39,28,1.6068370193707846,48,COMPLETE
283,283,3.212073972815892,2026-03-02 02:25:14.005765,2026-03-02 02:37:59.982984,0 days 00:12:45.977219,32,3.731729082314101,1.709860365823155,60,39,28,1.6043037801442817,49,COMPLETE
284,284,3.2051052727154294,2026-03-02 02:28:20.375833,2026-03-02 02:41:15.094745,0 days 00:12:54.718912,14,3.885948325212163,2.0141512697197426,62,29,28,2.7234038746572944,49,COMPLETE
285,285,3.219055813354571,2026-03-02 02:29:17.690430,2026-03-02 02:42:16.598014,0 days 00:12:58.907584,28,3.909761673008709,2.154980001418105,62,32,28,2.743007054567246,24,COMPLETE
286,286,3.2007995015063226,2026-03-02 02:29:35.508266,2026-03-02 02:42:36.724513,0 days 00:13:01.216247,28,2.6128755566233934,2.1321441985870693,62,39,15,2.797416064633672,80,COMPLETE
287,287,3.2264546945481953,2026-03-02 02:32:00.142621,2026-03-02 02:44:46.103412,0 days 00:12:45.960791,16,3.9758425181392023,1.2624758076826448,62,39,28,1.7830974806204165,28,COMPLETE
288,288,3.224256952284267,2026-03-02 02:32:41.227042,2026-03-02 02:44:59.302735,0 days 00:12:18.075693,17,3.8738906604525725,2.2399998047127627,62,39,28,1.2322596272155615,37,COMPLETE
289,289,3.233567425430298,2026-03-02 02:33:12.888756,2026-03-02 02:45:34.660706,0 days 00:12:21.771950,17,3.9019448767656453,1.285529528047159,76,31,29,2.785795429976097,37,COMPLETE
290,290,3.217173103590995,2026-03-02 02:35:04.204973,2026-03-02 02:47:06.704591,0 days 00:12:02.499618,17,3.7339862160290354,1.2484731869243322,62,29,23,2.782051988782244,28,COMPLETE
291,291,3.227120193016475,2026-03-02 02:37:59.985985,2026-03-02 02:49:24.606927,0 days 00:11:24.620942,17,2.1361139222409284,2.343215361367946,65,13,29,2.7804068013985486,31,COMPLETE
292,292,3.2153376410307755,2026-03-02 02:41:15.101313,2026-03-02 02:51:52.634147,0 days 00:10:37.532834,16,3.2580247492021197,1.6112504632652278,84,13,29,2.863526618234687,16,COMPLETE
293,293,3.2212373783709998,2026-03-02 02:42:16.600016,2026-03-02 02:52:31.527848,0 days 00:10:14.927832,17,2.614720986621356,1.2682262232709862,85,45,18,1.867142553675317,37,COMPLETE
294,294,3.2256379528231127,2026-03-02 02:42:36.726515,2026-03-02 02:52:44.564554,0 days 00:10:07.838039,17,2.1170490852011827,2.3093499779524573,65,11,23,2.888901434813611,37,COMPLETE
295,295,3.2111075426722264,2026-03-02 02:44:46.104780,2026-03-02 02:54:17.287714,0 days 00:09:31.182934,17,1.690474936706699,2.236995502067489,65,11,23,1.8609377285873518,6,COMPLETE
296,296,3.2228547467912976,2026-03-02 02:44:59.305243,2026-03-02 02:54:17.284075,0 days 00:09:17.978832,48,3.75429550946282,1.624682787818102,65,15,23,1.9087316527035698,17,COMPLETE
297,297,3.2322939727357216,2026-03-02 02:45:34.664677,2026-03-02 02:54:32.755689,0 days 00:08:58.091012,46,1.6774934927639669,1.6146955655475481,88,43,23,1.8855283082302818,6,COMPLETE
298,298,3.2109219572008083,2026-03-02 02:47:06.706635,2026-03-02 02:54:58.131206,0 days 00:07:51.424571,30,2.1562316404248074,1.604079020690172,81,34,29,1.7643110251667378,6,COMPLETE
299,299,3.223339242937679,2026-03-02 02:49:24.608813,2026-03-02 02:55:18.846209,0 days 00:05:54.237396,48,3.2520222781845747,1.4804083903519163,65,34,26,1.8722228073255638,61,COMPLETE
