,number,value,datetime_start,datetime_complete,duration,params_MR_BB_PERIOD,params_MR_BB_STD,params_MR_MIN_RR,params_MR_RSI_OVERBOUGHT,params_MR_RSI_OVERSOLD,params_MR_RSI_PERIOD,params_MR_SL_ATR_MULT,params_MR_TIME_EXIT_BARS,state
118,118,3.206822351261393,2026-03-01 22:03:23.604451,2026-03-01 22:16:02.197893,0 days 00:12:38.593442,42,1.6978940743544073,1.0584442516270316,67,18,28,2.5928335274955083,49,COMPLETE
119,119,3.223515010662131,2026-03-01 22:03:52.710002,2026-03-01 22:16:40.420486,0 days 00:12:47.710484,20,3.431154601777082,1.5985418998462142,68,18,26,2.603571734867012,49,COMPLETE
120,120,3.2135305295709373,2026-03-01 22:11:47.466638,2026-03-01 22:23:43.598895,0 days 00:11:56.132257,17,3.4283976124339537,1.6831176030131336,67,40,28,1.7083996878416106,48,COMPLETE
121,121,3.226218360025793,2026-03-01 22:11:52.428848,2026-03-01 22:23:44.638718,0 days 00:11:52.209870,17,3.3766705616247097,1.6473271397365477,67,42,28,2.5895082954502717,49,COMPLETE
122,122,3.2143149257211356,2026-03-01 22:12:35.326999,2026-03-01 22:24:33.957742,0 days 00:11:58.630743,11,3.6507055383943494,1.6609576830058925,68,42,28,2.5887643037030035,49,COMPLETE
123,123,3.2332939469141926,2026-03-01 22:13:51.869491,2026-03-01 22:25:53.532000,0 days 00:12:01.662509,11,3.454132208909514,1.669348713506033,68,38,26,2.615280307450774,50,COMPLETE
124,124,3.236177927287569,2026-03-01 22:15:17.308405,2026-03-01 22:27:20.143315,0 days 00:12:02.834910,19,3.61321586419774,1.701776283182501,68,38,29,1.689154647652265,49,COMPLETE
125,125,3.2204071931418623,2026-03-01 22:15:53.379524,2026-03-01 22:27:56.727804,0 days 00:12:03.348280,11,3.213365756924734,2.9029641477085812,68,38,26,1.7162393982699509,49,COMPLETE
126,126,3.194399419553369,2026-03-01 22:16:02.204466,2026-03-01 22:28:07.248608,0 days 00:12:05.044142,11,3.264191419966525,2.8819920439484146,70,17,26,2.3422305208618313,10,COMPLETE
127,127,3.2131160703165937,2026-03-01 22:16:40.428014,2026-03-01 22:28:49.113904,0 days 00:12:08.685890,11,3.703715926259793,1.7240561399278516,74,36,29,1.7033993935564562,55,COMPLETE
128,128,3.220519412061841,2026-03-01 22:23:43.604968,2026-03-01 22:36:14.144659,0 days 00:12:30.539691,11,3.226867853732269,0.6927534598576295,70,36,26,1.9929486051131153,41,COMPLETE
129,129,3.221464538118071,2026-03-01 22:23:44.658227,2026-03-01 22:36:18.779419,0 days 00:12:34.121192,11,3.64396259637186,1.7416250266169637,70,36,26,2.00175945759112,41,COMPLETE
130,130,3.2174229820841216,2026-03-01 22:24:33.960169,2026-03-01 22:37:05.260747,0 days 00:12:31.300578,39,3.240206226273831,2.8560942978199835,70,17,29,1.5927725053669497,53,COMPLETE
131,131,3.2123405399439697,2026-03-01 22:25:53.536000,2026-03-01 22:38:07.381386,0 days 00:12:13.845386,14,3.217098013365576,1.7430117006756236,70,17,29,1.9877008835574395,9,COMPLETE
132,132,3.21703048267866,2026-03-01 22:27:20.145715,2026-03-01 22:39:19.667246,0 days 00:11:59.521531,20,3.2275017058778466,0.696126542608883,70,38,29,1.48054593382085,55,COMPLETE
133,133,3.213991441227104,2026-03-01 22:27:56.732607,2026-03-01 22:39:57.585339,0 days 00:12:00.852732,20,3.521959247870604,1.7776334178952888,70,36,29,1.9862641227803677,55,COMPLETE
134,134,3.2276179847269093,2026-03-01 22:28:07.254079,2026-03-01 22:40:03.193909,0 days 00:11:55.939830,19,3.621851153461534,1.7556118721247695,81,36,29,2.446327535696179,59,COMPLETE
135,135,3.2174395183894675,2026-03-01 22:28:49.119745,2026-03-01 22:40:51.437495,0 days 00:12:02.317750,20,3.94340960776849,0.7147495334482199,70,36,27,1.6015131770783984,41,COMPLETE
136,136,3.2109127262191572,2026-03-01 22:36:14.155701,2026-03-01 22:47:51.718220,0 days 00:11:37.562519,19,3.105436390234021,2.2886436913549355,70,44,27,1.4783517293178767,54,COMPLETE
137,137,3.2259081458009575,2026-03-01 22:36:18.783365,2026-03-01 22:47:56.364571,0 days 00:11:37.581206,20,3.0845654839387717,1.7825932323136198,81,33,29,1.592844553129945,53,COMPLETE
138,138,3.2284462235136546,2026-03-01 22:37:05.262747,2026-03-01 22:48:47.585272,0 days 00:11:42.322525,19,3.0868103125253734,1.781546658120081,74,19,27,1.8562355582613206,59,COMPLETE
139,139,3.2224561446522717,2026-03-01 22:38:07.383392,2026-03-01 22:50:16.904514,0 days 00:12:09.521122,19,3.0774227114294495,1.940764368632937,80,19,27,1.849940270211139,46,COMPLETE
140,140,3.2358703123216817,2026-03-01 22:39:19.669744,2026-03-01 22:51:52.667594,0 days 00:12:32.997850,22,3.8297344551188424,1.8068236330014382,82,44,25,1.8448798985796353,58,COMPLETE
141,141,3.220098493338588,2026-03-01 22:39:57.588586,2026-03-01 22:52:36.588892,0 days 00:12:39.000306,19,2.0543160424862603,0.6010567973683021,81,44,27,1.8317356399827833,43,COMPLETE
142,142,3.222649949410281,2026-03-01 22:40:03.197416,2026-03-01 22:52:45.191976,0 days 00:12:41.994560,24,3.8577053788577125,0.6183423910076873,74,19,27,1.8468946022086736,46,COMPLETE
143,143,3.2194604794111816,2026-03-01 22:40:51.440504,2026-03-01 22:53:37.036223,0 days 00:12:45.595719,50,3.995783768300805,2.53098005937341,77,19,27,1.8483916588489784,46,COMPLETE
144,144,3.224163130267776,2026-03-01 22:47:51.721768,2026-03-01 23:00:19.909839,0 days 00:12:28.188071,22,3.800986024434035,1.9611613268633559,72,19,25,2.10970472040854,59,COMPLETE
145,145,3.2237206268749974,2026-03-01 22:47:56.369324,2026-03-01 23:00:25.121356,0 days 00:12:28.752032,22,3.8086011054080733,1.935318084182167,72,19,25,1.8677097245002252,46,COMPLETE
146,146,3.2072841847879383,2026-03-01 22:48:47.589268,2026-03-01 23:01:20.150767,0 days 00:12:32.561499,27,1.8033940559025066,2.455429915915036,63,45,25,1.814345323050976,43,COMPLETE
147,147,3.2128715267941965,2026-03-01 22:50:16.907179,2026-03-01 23:02:51.121796,0 days 00:12:34.214617,24,3.839746036229798,2.53181467784583,72,32,15,2.064110264552793,43,COMPLETE
148,148,3.211803440853802,2026-03-01 22:51:52.673682,2026-03-01 23:04:23.501986,0 days 00:12:30.828304,22,3.7911437741924394,0.6313764317290084,82,44,25,2.066127901189263,14,COMPLETE
149,149,3.2295007831672615,2026-03-01 22:52:36.591903,2026-03-01 23:05:08.242553,0 days 00:12:31.650650,22,3.82726407464212,2.459951024584426,77,45,25,0.8245668595696882,65,COMPLETE
150,150,3.2116665837238987,2026-03-01 22:52:45.194000,2026-03-01 23:05:16.877599,0 days 00:12:31.683599,22,3.9003016389192213,2.472985111890768,77,45,25,2.1000342395373455,58,COMPLETE
151,151,3.232731026255845,2026-03-01 22:53:37.040224,2026-03-01 23:06:12.731588,0 days 00:12:35.691364,23,3.7868090794367624,1.5477288150927404,82,43,25,2.0837579629201195,51,COMPLETE
152,152,3.213865362450968,2026-03-01 23:00:19.916657,2026-03-01 23:12:48.479801,0 days 00:12:28.563144,22,1.7800861717605305,0.5026541928187022,82,43,25,2.7744018395174774,25,COMPLETE
153,153,3.2332081065095486,2026-03-01 23:00:25.123997,2026-03-01 23:12:55.839440,0 days 00:12:30.715443,27,2.2533014413769923,1.5712221641862463,63,45,11,0.9662134053393784,64,COMPLETE
154,154,3.2217986825006677,2026-03-01 23:01:20.153520,2026-03-01 23:13:55.157834,0 days 00:12:35.004314,14,1.7010349374414422,0.5011325988656539,69,43,30,2.06184130610706,24,COMPLETE
155,155,3.2241236284635484,2026-03-01 23:02:51.123278,2026-03-01 23:15:34.453012,0 days 00:12:43.329734,32,3.328007784462753,1.563940343919954,82,43,30,2.2303219048537613,66,COMPLETE
156,156,3.207591837530209,2026-03-01 23:04:23.504445,2026-03-01 23:17:24.280904,0 days 00:13:00.776459,14,1.7007505619588907,2.6010881191175175,71,43,11,2.921845518780594,65,COMPLETE
157,157,3.215808409107487,2026-03-01 23:05:08.247119,2026-03-01 23:18:13.310769,0 days 00:13:05.063650,14,1.694950821662828,1.561978784911912,78,15,30,1.6376922793978157,51,COMPLETE
158,158,3.2382577703775177,2026-03-01 23:05:16.879573,2026-03-01 23:18:21.625945,0 days 00:13:04.746372,49,3.3099404734506908,1.3032095259287881,65,15,30,2.764422959909864,24,COMPLETE
159,159,3.2139657383689912,2026-03-01 23:06:12.737682,2026-03-01 23:19:25.943951,0 days 00:13:13.206269,49,1.5607965405876674,1.568633932374724,65,14,30,2.2429033539895284,68,COMPLETE
160,160,3.2052427430511594,2026-03-01 23:12:48.485203,2026-03-01 23:25:29.630970,0 days 00:12:41.145767,49,1.5922159926014503,1.4265933201494312,69,15,30,1.6615920608160746,68,COMPLETE
161,161,3.2182022011782463,2026-03-01 23:12:55.843302,2026-03-01 23:25:35.634513,0 days 00:12:39.791211,49,1.5554654935484737,1.1694342296403613,65,15,30,2.912402392085408,68,COMPLETE
162,162,3.2170431800812374,2026-03-01 23:13:55.160025,2026-03-01 23:26:41.685910,0 days 00:12:46.525885,46,1.5736883661912726,1.3255592432112782,69,14,30,2.43827127933023,68,COMPLETE
163,163,3.2148051486167466,2026-03-01 23:15:34.458354,2026-03-01 23:28:26.532766,0 days 00:12:52.074412,46,1.5912294059395067,1.1763509639461915,65,14,30,2.439220092686529,70,COMPLETE
164,164,3.226011090364529,2026-03-01 23:17:24.285910,2026-03-01 23:30:00.068431,0 days 00:12:35.782521,46,1.582441818661068,1.4322868296463203,65,22,17,2.3475796364758326,18,COMPLETE
165,165,3.2191014209200466,2026-03-01 23:18:13.314752,2026-03-01 23:30:31.354758,0 days 00:12:18.040006,49,1.5913780120819419,1.3179703615325464,69,14,18,2.3459949568231875,69,COMPLETE
166,166,3.204919625823918,2026-03-01 23:18:21.628304,2026-03-01 23:30:35.337895,0 days 00:12:13.709591,18,1.5959372323804164,1.2647775582985825,65,13,17,1.9455985934576747,22,COMPLETE
167,167,3.217892194948285,2026-03-01 23:19:25.945818,2026-03-01 23:31:20.493695,0 days 00:11:54.547877,46,3.742789495093751,1.293922958522195,65,22,18,2.695527367893122,6,COMPLETE
168,168,3.2369694707855152,2026-03-01 23:25:29.635298,2026-03-01 23:35:37.138077,0 days 00:10:07.502779,47,1.6194753096166483,1.1863686250191765,64,16,28,2.6707401716247485,19,COMPLETE
169,169,3.1912881109029394,2026-03-01 23:25:35.639513,2026-03-01 23:35:33.837848,0 days 00:09:58.198335,47,2.620496986030728,1.3236175424750947,68,16,28,2.747729879329121,7,COMPLETE
170,170,3.216079761917565,2026-03-01 23:26:41.686916,2026-03-01 23:36:17.366327,0 days 00:09:35.679411,46,3.4858588638979975,1.2785883409534367,64,16,18,2.33200263833427,27,COMPLETE
171,171,3.2308261813723105,2026-03-01 23:28:26.536751,2026-03-01 23:37:27.301067,0 days 00:09:00.764316,44,3.4831167748551506,1.2781582604045585,64,31,28,2.3240423168461977,18,COMPLETE
172,172,3.2077082422451797,2026-03-01 23:30:00.071218,2026-03-01 23:38:57.536462,0 days 00:08:57.465244,47,3.7062533738509424,2.128961338963004,64,31,28,2.7694505523622928,21,COMPLETE
173,173,3.2155163950845655,2026-03-01 23:30:31.357154,2026-03-01 23:39:38.588646,0 days 00:09:07.231492,37,1.9058394736178677,0.975030650441483,64,16,28,2.686460651224232,27,COMPLETE
174,174,3.2245200759320007,2026-03-01 23:30:35.339890,2026-03-01 23:39:46.320430,0 days 00:09:10.980540,37,3.5672066091258405,0.7459366485178166,64,17,28,2.6910573252893193,29,COMPLETE
175,175,3.2149318237548172,2026-03-01 23:31:20.497249,2026-03-01 23:41:03.573478,0 days 00:09:43.076229,21,3.4632469690159815,1.8597677179537688,68,17,28,2.768456029837944,29,COMPLETE
176,176,3.2423964515605594,2026-03-01 23:35:33.839829,2026-03-01 23:46:53.283170,0 days 00:11:19.443341,37,3.309529961660038,0.7596201194443947,61,39,29,1.7249408718833121,30,COMPLETE
177,177,3.229474152737124,2026-03-01 23:35:37.140076,2026-03-01 23:46:54.458719,0 days 00:11:17.318643,37,3.4560564311023665,1.8327135733305737,64,18,29,1.7099676863597444,27,COMPLETE
178,178,3.2415043178088867,2026-03-01 23:36:17.368936,2026-03-01 23:48:01.966199,0 days 00:11:44.597263,44,3.3125833917642304,0.985739183956639,64,17,29,2.6557077463636385,29,COMPLETE
179,179,3.2171697987482393,2026-03-01 23:37:27.303402,2026-03-01 23:49:57.642059,0 days 00:12:30.338657,37,3.5694034598448083,0.7520350836297012,63,12,29,2.7817696321206498,12,COMPLETE
180,180,3.209749573834012,2026-03-01 23:38:57.539462,2026-03-01 23:51:57.735069,0 days 00:13:00.195607,10,3.3119940524638793,1.1991452294299165,62,17,29,2.6808600149361155,4,COMPLETE
181,181,3.2017536238385027,2026-03-01 23:39:38.591631,2026-03-01 23:52:48.147114,0 days 00:13:09.555483,41,3.546868237219788,1.2041792635503137,62,39,29,2.5295354708053788,11,COMPLETE
182,182,3.2057172243589847,2026-03-01 23:39:46.321437,2026-03-01 23:52:55.065136,0 days 00:13:08.743699,21,1.6474134651508583,1.8493314758322648,61,39,29,2.5282714183710766,15,COMPLETE
183,183,3.2385467062899975,2026-03-01 23:41:03.574513,2026-03-01 23:54:18.805969,0 days 00:13:15.231456,43,1.7528424451439302,1.6224838615036594,61,12,29,2.1470500089294164,48,COMPLETE
184,184,3.240922101302584,2026-03-01 23:46:53.286168,2026-03-01 23:59:53.493830,0 days 00:13:00.207662,41,3.300811139325463,1.2151819910174502,62,38,29,1.732341389793736,30,COMPLETE
185,185,3.1973032828345715,2026-03-01 23:46:54.464508,2026-03-01 23:59:47.605860,0 days 00:12:53.141352,39,3.282624179936552,1.1251731763109023,67,39,29,1.7357913303070236,25,COMPLETE
186,186,3.20407730216235,2026-03-01 23:48:01.969703,2026-03-02 00:01:03.292727,0 days 00:13:01.323024,41,3.153402861003453,1.0330015223659257,56,39,29,2.5438027973107498,31,COMPLETE
187,187,3.2294941952314393,2026-03-01 23:49:57.645081,2026-03-02 00:03:05.930202,0 days 00:13:08.285121,31,3.31630537756389,1.0225977416202436,80,39,29,2.5334991610038773,31,COMPLETE
188,188,3.211623091946738,2026-03-01 23:51:57.736075,2026-03-02 00:05:12.032630,0 days 00:13:14.296555,40,1.7574749226079711,0.8368334213472866,60,39,29,1.7392980634552904,32,COMPLETE
189,189,3.219796181119195,2026-03-01 23:52:48.151096,2026-03-02 00:06:04.190232,0 days 00:13:16.039136,16,3.1468592105144455,1.0161817022529374,68,38,22,1.798326013769256,32,COMPLETE
190,190,3.2144188347887477,2026-03-01 23:52:55.068042,2026-03-02 00:06:11.028381,0 days 00:13:15.960339,43,1.741756230769041,1.0315153579115743,57,38,26,1.7387920814307536,31,COMPLETE
191,191,3.2122459736634843,2026-03-01 23:54:18.810367,2026-03-02 00:07:39.093817,0 days 00:13:20.283450,43,3.328403324862815,1.1040882461057644,56,10,29,1.7250390221249858,31,COMPLETE
192,192,3.2358395796618904,2026-03-01 23:59:47.608730,2026-03-02 00:12:44.501017,0 days 00:12:56.892287,43,1.7540003929435142,1.7080445731691247,60,11,21,1.803587476106746,32,COMPLETE
193,193,3.2313839482913966,2026-03-01 23:59:53.496332,2026-03-02 00:12:56.012524,0 days 00:13:02.516192,42,3.3600583665989268,1.0805166948375053,60,38,29,1.80305067441592,30,COMPLETE
194,194,3.2242940140731156,2026-03-02 00:01:03.294708,2026-03-02 00:14:03.541853,0 days 00:13:00.247145,43,3.3423156374550524,1.0943826676274664,61,10,28,1.6676725501876937,23,COMPLETE
195,195,3.2194378423439733,2026-03-02 00:03:05.931355,2026-03-02 00:16:10.356356,0 days 00:13:04.425001,43,3.4067444615717175,1.0837901115644417,61,11,28,1.792677905975381,23,COMPLETE
196,196,3.2035610370339263,2026-03-02 00:05:12.034655,2026-03-02 00:18:17.146241,0 days 00:13:05.111586,43,3.4022330857309444,1.1100899151145553,59,10,28,1.7925455867320383,29,COMPLETE
197,197,3.212064380426204,2026-03-02 00:06:04.192737,2026-03-02 00:19:13.478108,0 days 00:13:09.285371,44,3.412019944847317,1.1198477919169754,61,11,28,2.648676592006208,52,COMPLETE
198,198,3.2006761029594726,2026-03-02 00:06:11.034912,2026-03-02 00:19:19.813419,0 days 00:13:08.778507,44,3.4231916925082624,2.2938337712604757,60,10,28,1.6786779429009837,52,COMPLETE
199,199,3.208119727600206,2026-03-02 00:07:39.094815,2026-03-02 00:20:54.401012,0 days 00:13:15.306197,45,3.4110916673113705,1.7075540466730468,61,34,28,1.6479116616536886,48,COMPLETE
200,200,3.221909277422066,2026-03-02 00:12:44.504548,2026-03-02 00:25:34.709116,0 days 00:12:50.204568,42,3.39013565434115,1.630703061259918,61,13,28,1.6481293030094464,35,COMPLETE
201,201,3.2322641836931068,2026-03-02 00:12:56.016543,2026-03-02 00:25:50.151530,0 days 00:12:54.134987,44,1.818616466600615,1.7120675765918882,61,10,27,1.6596060829069117,23,COMPLETE
202,202,3.227619357032732,2026-03-02 00:14:03.544885,2026-03-02 00:27:03.146561,0 days 00:12:59.601676,43,3.4047566496740225,0.9394271941124238,61,12,21,1.8891882119458903,35,COMPLETE
203,203,3.2165996442234324,2026-03-02 00:16:10.362739,2026-03-02 00:29:13.596518,0 days 00:13:03.233779,45,1.8214764563169938,1.6675715250624517,61,41,27,1.673510376196888,52,COMPLETE
204,204,3.2264492194687096,2026-03-02 00:18:17.148258,2026-03-02 00:31:25.627392,0 days 00:13:08.479134,45,1.8162618994021231,1.70087397126656,60,11,27,2.6518069415141343,36,COMPLETE
205,205,3.2226702666668006,2026-03-02 00:19:13.481078,2026-03-02 00:32:21.941915,0 days 00:13:08.460837,45,1.8209090782480657,0.9484521765191752,62,41,21,1.8806959873435019,36,COMPLETE
206,206,3.2173409621851974,2026-03-02 00:19:19.816905,2026-03-02 00:32:27.678255,0 days 00:13:07.861350,45,1.8494837839000686,1.7236392127564617,62,29,27,1.8725588732807024,48,COMPLETE
207,207,3.212977531111651,2026-03-02 00:20:54.404308,2026-03-02 00:34:05.921810,0 days 00:13:11.517502,45,1.8051632535802646,0.9619394357948514,62,41,21,1.8922694212898583,35,COMPLETE
208,208,3.240009615563456,2026-03-02 00:25:34.712251,2026-03-02 00:38:17.800338,0 days 00:12:43.088087,41,1.6654557138284956,1.6906508026724545,63,41,20,2.1478885380415984,35,COMPLETE
209,209,3.222834674748784,2026-03-02 00:25:50.154588,2026-03-02 00:38:38.312975,0 days 00:12:48.158387,41,1.6515220555298582,1.6269717164581947,71,41,30,1.8771567954535622,35,COMPLETE
210,210,3.2099330796533034,2026-03-02 00:27:03.149552,2026-03-02 00:39:54.627723,0 days 00:12:51.478171,41,1.6452311857893405,1.625912397927696,62,41,30,1.9317799400426456,28,COMPLETE
211,211,3.253839077791513,2026-03-02 00:29:13.598509,2026-03-02 00:42:08.113863,0 days 00:12:54.515354,41,1.6548700022384386,1.6178080391729774,63,35,21,2.1588848093356434,26,COMPLETE
212,212,3.2239232024463775,2026-03-02 00:31:25.635005,2026-03-02 00:44:25.162396,0 days 00:12:59.527391,41,1.6639048556568687,1.505397944824516,62,12,30,1.9166751853384636,26,COMPLETE
213,213,3.2233137159538385,2026-03-02 00:32:21.942909,2026-03-02 00:45:22.532051,0 days 00:13:00.589142,41,1.646459057029036,1.617869230659632,63,35,30,2.1412576924939124,28,COMPLETE
214,214,3.214691069588356,2026-03-02 00:32:27.683786,2026-03-02 00:45:27.069620,0 days 00:12:59.385834,26,1.6492884118444082,1.4807761945581261,71,35,20,1.9594891696075742,26,COMPLETE
215,215,3.2257072272481686,2026-03-02 00:34:05.926595,2026-03-02 00:47:12.569565,0 days 00:13:06.642970,16,1.6673822767842013,1.6467555056520704,63,12,30,2.1531112712635663,26,COMPLETE
216,216,3.2166744071010576,2026-03-02 00:38:17.805539,2026-03-02 00:51:03.989962,0 days 00:12:46.184423,26,1.6643254009797899,1.6421333574670602,86,40,30,2.167375796573676,26,COMPLETE
217,217,3.2248476516011086,2026-03-02 00:38:38.314815,2026-03-02 00:51:26.760174,0 days 00:12:48.445359,48,3.2777376773038065,0.8224305431394787,63,12,20,2.1525036901321184,27,COMPLETE
218,218,3.2195850653872555,2026-03-02 00:39:54.630069,2026-03-02 00:52:44.149195,0 days 00:12:49.519126,26,2.4470561944139306,0.822579202862924,63,40,20,2.1607543036480172,26,COMPLETE
219,219,3.227501848550337,2026-03-02 00:42:08.114793,2026-03-02 00:54:59.923513,0 days 00:12:51.808720,39,1.7240252645612189,0.795447262814821,59,33,20,2.1607905388999797,26,COMPLETE
220,220,3.2205400033185754,2026-03-02 00:44:25.164393,2026-03-02 00:57:23.420696,0 days 00:12:58.256303,48,1.7356573063969472,0.6884202585422172,63,40,21,2.1706424188048072,33,COMPLETE
221,221,3.2239735875551627,2026-03-02 00:45:22.536053,2026-03-02 00:58:26.520747,0 days 00:13:03.984694,39,1.727416188098094,0.7945403622191115,63,40,20,2.23907305204333,20,COMPLETE
222,222,3.23148493188142,2026-03-02 00:45:27.071590,2026-03-02 00:58:22.039779,0 days 00:12:54.968189,42,3.2721220144846,0.8238841606390679,63,40,20,2.245740932430928,20,COMPLETE
223,223,3.210222202635017,2026-03-02 00:47:12.572565,2026-03-02 01:00:20.498928,0 days 00:13:07.926363,39,3.2747508700566934,0.7103007885680501,63,42,19,2.227359681770514,9,COMPLETE
224,224,3.212614469167887,2026-03-02 00:51:03.991478,2026-03-02 01:03:45.818206,0 days 00:12:41.826728,40,1.7311834467398346,0.6990649841364484,63,18,20,2.2009076350948455,50,COMPLETE
225,225,3.210672931044545,2026-03-02 00:51:26.762164,2026-03-02 01:04:05.816018,0 days 00:12:39.053854,39,1.7410280954800141,0.6852992862203983,59,18,21,2.2736311960486186,50,COMPLETE
226,226,3.218432786328326,2026-03-02 00:52:44.152168,2026-03-02 01:05:32.416519,0 days 00:12:48.264351,39,1.7516687173234642,0.7094176340855306,69,18,22,1.7599421795362231,50,COMPLETE
227,227,3.2042824120410396,2026-03-02 00:54:59.926513,2026-03-02 01:07:53.238889,0 days 00:12:53.312376,18,1.7528249031836174,0.6818069097237477,69,37,22,2.2162111569766627,50,COMPLETE
228,228,3.215609257597213,2026-03-02 00:57:23.424063,2026-03-02 01:10:30.304218,0 days 00:13:06.880155,42,2.8212491964552915,1.5985004601025163,83,18,22,2.261834387161179,61,COMPLETE
229,229,3.2208298034362297,2026-03-02 00:58:22.043216,2026-03-02 01:11:26.898548,0 days 00:13:04.855332,40,1.7605359239081788,1.2193150214424633,66,18,22,2.7298003245072913,56,COMPLETE
230,230,3.2310386787899983,2026-03-02 00:58:26.522731,2026-03-02 01:11:35.882999,0 days 00:13:09.360268,13,1.7617327116087005,1.227809717681913,66,38,19,2.0216495136301544,50,COMPLETE
231,231,3.226106189341918,2026-03-02 01:00:20.501987,2026-03-02 01:13:31.982075,0 days 00:13:11.480088,18,1.7577822423605063,1.6780026290684822,69,18,22,1.7535065236074925,50,COMPLETE
232,232,3.2219247786750156,2026-03-02 01:03:45.822572,2026-03-02 01:16:34.355892,0 days 00:12:48.533320,13,2.222738501434889,1.5698563257408553,83,37,22,2.040740823639435,39,COMPLETE
233,233,3.2310834871121674,2026-03-02 01:04:05.819047,2026-03-02 01:16:56.654102,0 days 00:12:50.835055,13,3.2011518465578144,1.5947998940864847,83,37,22,2.0176343915697097,56,COMPLETE
234,234,3.210984511347184,2026-03-02 01:05:32.419555,2026-03-02 01:18:26.476964,0 days 00:12:54.057409,13,3.2117816477522236,1.5991041978741887,66,37,19,2.0190632544260105,47,COMPLETE
235,235,3.2300506922696526,2026-03-02 01:07:53.241944,2026-03-02 01:20:52.645931,0 days 00:12:59.403987,13,1.6096658412960316,1.5964115933967529,68,44,29,2.083770665778136,47,COMPLETE
